Log file open, 08/06/17 22:13:59
LogInit:Display: Running engine for game: GANGSHITv1
LogPlatformFile: Not using cached read wrapper
LogInit:Display: RandInit(1582209530) SRandInit(1582209530).
LogTaskGraph: Started task graph with 5 named threads and 6 total threads with 1 sets of task threads.
LogStats: Stats thread started at 0.081495
LogInit: Using libcurl 7.47.1
LogInit:  - built for x86_64-pc-win32
LogInit:  - supports SSL with OpenSSL/1.0.2g
LogInit:  - supports HTTP deflate (compression) using libz 1.2.8
LogInit:  - other features:
LogInit:      CURL_VERSION_SSL
LogInit:      CURL_VERSION_LIBZ
LogInit:      CURL_VERSION_IPV6
LogInit:      CURL_VERSION_ASYNCHDNS
LogInit:      CURL_VERSION_LARGEFILE
LogInit:      CURL_VERSION_IDN
LogInit:  CurlRequestOptions (configurable via config and command line):
LogInit:  - bVerifyPeer = false  - Libcurl will NOT verify peer certificate
LogInit:  - bUseHttpProxy = false  - Libcurl will NOT use HTTP proxy
LogInit:  - bDontReuseConnections = false  - Libcurl will reuse connections
LogInit:  - CertBundlePath = nullptr  - Libcurl will use whatever was configured at build time.
LogInit: Build: ++UE4+Release-4.16-CL-3561208
LogInit: Engine Version: 4.16.3-3561208+++UE4+Release-4.16
LogInit: Compatible Engine Version: 4.16.0-3452394+++UE4+Release-4.16
LogInit: Net CL: 3452394
LogDevObjectVersion: Number of dev versions registered: 16
LogDevObjectVersion:   Dev-Blueprints (B0D832E4-1F89-4F0D-ACCF-7EB736FD4AA2): 9
LogDevObjectVersion:   Dev-Build (E1C64328-A22C-4D53-A36C-8E866417BD8C): 0
LogDevObjectVersion:   Dev-Core (375EC13C-06E4-48FB-B500-84F0262A717E): 2
LogDevObjectVersion:   Dev-Editor (E4B068ED-F494-42E9-A231-DA0B2E46BB41): 17
LogDevObjectVersion:   Dev-Framework (CFFC743F-43B0-4480-9391-14DF171D2073): 23
LogDevObjectVersion:   Dev-Mobile (B02B49B5-BB20-44E9-A304-32B752E40360): 0
LogDevObjectVersion:   Dev-Networking (A4E4105C-59A1-49B5-A7C5-40C4547EDFEE): 0
LogDevObjectVersion:   Dev-Online (39C831C9-5AE6-47DC-9A44-9C173E1C8E7C): 0
LogDevObjectVersion:   Dev-Physics (78F01B33-EBEA-4F98-B9B4-84EACCB95AA2): 0
LogDevObjectVersion:   Dev-Platform (6631380F-2D4D-43E0-8009-CF276956A95A): 0
LogDevObjectVersion:   Dev-Rendering (12F88B9F-8875-4AFC-A67C-D90C383ABD29): 15
LogDevObjectVersion:   Dev-Sequencer (7B5AE74C-D270-4C10-A958-57980B212A5A): 4
LogDevObjectVersion:   Dev-VR (D7296918-1DD6-4BDD-9DE2-64A83CC13884): 0
LogDevObjectVersion:   Dev-LoadTimes (C2A15278-BFE7-4AFE-6C17-90FF531DF755): 1
LogDevObjectVersion:   Private-Geometry (6EACA3D4-40EC-4CC1-B786-8BED09428FC5): 1
LogDevObjectVersion:   Dev-AnimPhys (29E575DD-E0A3-4627-9D10-D276232CDCEA): 3
LogInit: Compiled (64-bit): Jul 28 2017 11:49:47
LogInit: Compiled with Visual C++: 19.00.24215.01
LogInit: Build Configuration: Development
LogInit: Branch Name: ++UE4+Release-4.16
LogInit: Command line: -EpicPortal 
LogInit: Base directory: C:/Program Files/Epic Games/UE_4.16/Engine/Binaries/Win64/
LogInit: Installed Engine Build: 1
LogInit: Presizing for max 8388607 objects, including 0 objects not considered by GC, pre-allocating 0 bytes for permanent pool.
LogInit: Object subsystem initialized
[2017.08.07-02.14.00:177][  0]LogInit: Selected Device Profile: [Windows]
[2017.08.07-02.14.00:177][  0]LogInit: Applying CVar settings loaded from the selected device profile: [Windows]
[2017.08.07-02.14.00:189][  0]LogInit: Computer: DESKTOP-5TLKLB1
[2017.08.07-02.14.00:189][  0]LogInit: User: JonSledge
[2017.08.07-02.14.00:189][  0]LogInit: CPU Page size=4096, Cores=2
[2017.08.07-02.14.00:189][  0]LogInit: High frequency timer resolution =2.648434 MHz
[2017.08.07-02.14.00:189][  0]LogMemory: Memory total: Physical=11.9GB (12GB approx)
[2017.08.07-02.14.00:189][  0]LogMemory: Platform Memory Stats for Windows
[2017.08.07-02.14.00:189][  0]LogMemory: Process Physical Memory: 272.57 MB used, 272.57 MB peak
[2017.08.07-02.14.00:189][  0]LogMemory: Process Virtual Memory: 266.43 MB used, 266.43 MB peak
[2017.08.07-02.14.00:189][  0]LogMemory: Physical Memory: 6291.20 MB used,  5879.96 MB free, 12171.16 MB total
[2017.08.07-02.14.00:189][  0]LogMemory: Virtual Memory: 646.83 MB used,  5879.96 MB free, 134217728.00 MB total
[2017.08.07-02.14.00:257][  0]LogInit: Using OS detected language (en-US).
[2017.08.07-02.14.00:257][  0]LogInit: Using OS detected locale (en-US).
[2017.08.07-02.14.00:259][  0]LogTextLocalizationManager: No specific localization for 'en-US' exists, so the 'en' localization will be used.
[2017.08.07-02.14.01:321][  0]LogD3D11RHI: D3D11 adapters:
[2017.08.07-02.14.01:327][  0]LogD3D11RHI:    0. 'Intel(R) HD Graphics 620' (Feature Level 11_0)
[2017.08.07-02.14.01:327][  0]LogD3D11RHI:       128/0/6085 MB DedicatedVideo/DedicatedSystem/SharedSystem, Outputs:1, VendorId:0x8086
[2017.08.07-02.14.01:328][  0]LogD3D11RHI:    1. 'Microsoft Basic Render Driver' (Feature Level 11_0)
[2017.08.07-02.14.01:328][  0]LogD3D11RHI:       0/0/6085 MB DedicatedVideo/DedicatedSystem/SharedSystem, Outputs:0, VendorId:0x1414
[2017.08.07-02.14.01:328][  0]LogD3D11RHI: Chosen D3D11 Adapter: 0
[2017.08.07-02.14.01:335][  0]LogD3D11RHI: Creating new Direct3DDevice
[2017.08.07-02.14.01:335][  0]LogD3D11RHI:     GPU DeviceId: 0x5916 (for the marketing name, search the web for "GPU Device Id")
[2017.08.07-02.14.01:335][  0]LogWindows: EnumDisplayDevices:
[2017.08.07-02.14.01:335][  0]LogWindows:    0. 'Intel(R) HD Graphics 620' (P:1 D:1)
[2017.08.07-02.14.01:335][  0]LogWindows:    1. 'Intel(R) HD Graphics 620' (P:0 D:0)
[2017.08.07-02.14.01:335][  0]LogWindows:    2. 'Intel(R) HD Graphics 620' (P:0 D:0)
[2017.08.07-02.14.01:335][  0]LogWindows: DebugString: FoundDriverCount:3 
[2017.08.07-02.14.01:335][  0]LogD3D11RHI:     Adapter Name: Intel(R) HD Graphics 620
[2017.08.07-02.14.01:335][  0]LogD3D11RHI:   Driver Version: 21.20.16.4550 (internal:21.20.16.4550, unified:21.20.16.4550)
[2017.08.07-02.14.01:335][  0]LogD3D11RHI:      Driver Date: 11-11-2016
[2017.08.07-02.14.01:336][  0]LogRHI: Texture pool is 1361 MB (70% of 1945 MB)
[2017.08.07-02.14.01:340][  0]LogD3D11RHI: Async texture creation enabled
[2017.08.07-02.14.01:345][  0]LogD3D11RHI: GPU Timing Frequency: 12.000000 (Debug: 2 0)
[2017.08.07-02.14.01:346][  0]LogShaderCompilers: Guid format shader working directory is -27 characters bigger than the processId version (../../../../../../Users/Jon Sledge/Documents/GitHub/epicgamesstuff/GANGSHITv1/Intermediate/Shaders/WorkingDirectory/12396/).
[2017.08.07-02.14.01:347][  0]LogShaderCompilers: Cleaned the shader compiler working directory 'C:/Users/Jon Sledge/AppData/Local/Temp/UnrealShaderWorkingDir/784178D146CF31BE0825A2ADEE8BA284/'.
[2017.08.07-02.14.01:347][  0]LogShaderCompilers:Display: Using Local Shader Compiler.
[2017.08.07-02.14.02:436][  0]LogTemp:Display: Loaded TP AllDesktopTargetPlatform
[2017.08.07-02.14.02:487][  0]LogTemp:Display: Loaded TP MacClientTargetPlatform
[2017.08.07-02.14.02:536][  0]LogTemp:Display: Loaded TP MacNoEditorTargetPlatform
[2017.08.07-02.14.02:586][  0]LogTemp:Display: Loaded TP MacServerTargetPlatform
[2017.08.07-02.14.02:636][  0]LogTemp:Display: Loaded TP MacTargetPlatform
[2017.08.07-02.14.02:687][  0]LogTemp:Display: Loaded TP WindowsClientTargetPlatform
[2017.08.07-02.14.02:742][  0]LogTemp:Display: Loaded TP WindowsNoEditorTargetPlatform
[2017.08.07-02.14.02:790][  0]LogTemp:Display: Loaded TP WindowsServerTargetPlatform
[2017.08.07-02.14.02:834][  0]LogTemp:Display: Loaded TP WindowsTargetPlatform
[2017.08.07-02.14.02:884][  0]LogTemp:Display: Loaded TP AndroidTargetPlatform
[2017.08.07-02.14.02:931][  0]LogTemp:Display: Loaded TP Android_ASTCTargetPlatform
[2017.08.07-02.14.02:980][  0]LogTemp:Display: Loaded TP Android_ATCTargetPlatform
[2017.08.07-02.14.03:028][  0]LogTemp:Display: Loaded TP Android_DXTTargetPlatform
[2017.08.07-02.14.03:077][  0]LogTemp:Display: Loaded TP Android_ETC1TargetPlatform
[2017.08.07-02.14.03:128][  0]LogTemp:Display: Loaded TP Android_ETC2TargetPlatform
[2017.08.07-02.14.03:227][  0]LogTemp:Display: Loaded TP Android_MultiTargetPlatform
[2017.08.07-02.14.03:227][  0]LogTemp:Display: Loaded TP Android_PVRTCTargetPlatform
[2017.08.07-02.14.03:265][  0]LogTemp:Display: Loaded TP HTML5TargetPlatform
[2017.08.07-02.14.03:359][  0]LogTemp:Display: Loaded TP IOSTargetPlatform
[2017.08.07-02.14.03:389][  0]LogTemp:Display: Loaded TP TVOSTargetPlatform
[2017.08.07-02.14.03:440][  0]LogTemp:Display: Loaded TP LinuxClientTargetPlatform
[2017.08.07-02.14.03:490][  0]LogTemp:Display: Loaded TP LinuxNoEditorTargetPlatform
[2017.08.07-02.14.03:540][  0]LogTemp:Display: Loaded TP LinuxServerTargetPlatform
[2017.08.07-02.14.03:589][  0]LogTemp:Display: Loaded TP LinuxTargetPlatform
[2017.08.07-02.14.03:589][  0]LogTargetPlatformManager:Display: Building Assets For Windows
[2017.08.07-02.14.04:083][  0]LogDerivedDataCache:Display: Max Cache Size: 512 MB
[2017.08.07-02.14.04:183][  0]LogDerivedDataCache: Loaded boot cache 0.10s 90MB C:/Users/Jon Sledge/AppData/Local/UnrealEngine/4.16/DerivedDataCache/Boot.ddc.
[2017.08.07-02.14.04:183][  0]LogDerivedDataCache:Display: Loaded Boot cache: C:/Users/Jon Sledge/AppData/Local/UnrealEngine/4.16/DerivedDataCache/Boot.ddc
[2017.08.07-02.14.04:183][  0]LogDerivedDataCache: FDerivedDataBackendGraph:  Pak pak cache file ../../../../../../Users/Jon Sledge/Documents/GitHub/epicgamesstuff/GANGSHITv1/DerivedDataCache/DDC.ddp not found, will not use a pak cache.
[2017.08.07-02.14.04:183][  0]LogDerivedDataCache: Unable to find inner node Pak for hierarchical cache Hierarchy.
[2017.08.07-02.14.04:183][  0]LogDerivedDataCache: FDerivedDataBackendGraph:  CompressedPak pak cache file ../../../../../../Users/Jon Sledge/Documents/GitHub/epicgamesstuff/GANGSHITv1/DerivedDataCache/Compressed.ddp not found, will not use a pak cache.
[2017.08.07-02.14.04:183][  0]LogDerivedDataCache: Unable to find inner node CompressedPak for hierarchical cache Hierarchy.
[2017.08.07-02.14.04:199][  0]LogDerivedDataCache:Display: Pak cache opened for reading ../../../Engine/DerivedDataCache/Compressed.ddp.
[2017.08.07-02.14.04:212][  0]LogDerivedDataCache: Using Local data cache path C:/Users/Jon Sledge/AppData/Local/UnrealEngine/Common/DerivedDataCache: Writable
[2017.08.07-02.14.04:222][  0]LogMaterial: Verifying Global Shaders for PCD3D_SM5
[2017.08.07-02.14.04:222][  0]LogSlate: Using Freetype 2.6.0
[2017.08.07-02.14.04:223][  0]LogSlate: SlateFontCache - WITH_FREETYPE: 1, WITH_HARFBUZZ: 1
[2017.08.07-02.14.04:223][  0]LogSlate: SlateFontCache - WITH_FREETYPE: 1, WITH_HARFBUZZ: 1
[2017.08.07-02.14.04:540][  0]LogInit: Selected Device Profile: [Windows]
[2017.08.07-02.14.04:620][  0]LogContentStreaming: Texture pool size is 0.00 MB
[2017.08.07-02.14.04:783][  0]LogMeshUtilities: Using QuadricMeshReduction for automatic static mesh reduction
[2017.08.07-02.14.04:828][  0]LogSimplygon: Simplygon DLL not present - disabling.
[2017.08.07-02.14.04:876][  0]LogMeshUtilities: Using SimplygonSwarm for distributed automatic mesh merging
[2017.08.07-02.14.04:876][  0]LogMeshUtilities: No automatic skeletal mesh reduction module available
[2017.08.07-02.14.04:876][  0]LogMeshUtilities: No automatic mesh merging module available
[2017.08.07-02.14.05:471][  0]LogNetVersion: GANGSHITv1 , NetCL: 3452394, EngineNetVer: 2, GameNetVer: 0 (Checksum: 1702943582)
[2017.08.07-02.14.05:537][  0]LogAssetRegistry: FAssetRegistry took 0.0263 seconds to start up
[2017.08.07-02.14.05:611][  0]LogPackageLocalizationCache: Processed 4 localized package path(s) for 2 prioritized culture(s) in 0.043167 seconds
[2017.08.07-02.14.05:616][  0]LogUObjectArray: 34194 objects as part of root set at end of initial load.
[2017.08.07-02.14.05:616][  0]LogUObjectAllocator: 7260424 out of 0 bytes used by permanent object pool.
[2017.08.07-02.14.05:616][  0]LogUObjectArray: CloseDisregardForGC: 0/0 objects in disregard for GC pool
[2017.08.07-02.14.05:684][  0]LogInit: WinSock: version 1.1 (2.2), MaxSocks=32767, MaxUdp=65467
[2017.08.07-02.14.08:149][  0]LogTcpMessaging: Initializing TcpMessaging bridge
[2017.08.07-02.14.08:189][  0]LogUdpMessaging: Initializing bridge on interface 0.0.0.0:0 to multicast group 230.0.0.1:6666.
[2017.08.07-02.14.08:707][  0]LogMaterial: Uniform references updated for custom material expression Custom.
[2017.08.07-02.14.09:144][  0]SourceControl: Info Source control is disabled
[2017.08.07-02.14.09:182][  0]SourceControl: Info Source control is disabled
[2017.08.07-02.14.09:233][  0]SourceControl: Info Source control is disabled
[2017.08.07-02.14.09:284][  0]SourceControl: Info Source control is disabled
[2017.08.07-02.14.09:623][  0]LogLinker:Warning: Can't find file '/Game/ThirdPersonBP/ThirdPersonOverview'
[2017.08.07-02.14.09:623][  0]LogLinker:Warning: Can't find file '/Game/ThirdPersonBP/ThirdPersonOverview'
[2017.08.07-02.14.09:623][  0]LogUObjectGlobals:Warning: Failed to find object 'Class /Game/ThirdPersonBP/ThirdPersonOverview.ThirdPersonOverview_C'
[2017.08.07-02.14.10:267][  0]LogAndroidPermission: UAndroidPermissionCallbackProxy::GetInstance
[2017.08.07-02.14.11:071][  0]LogEngine: Initializing Engine...
[2017.08.07-02.14.11:071][  0]LogHMD: Failed to initialize OpenVR with code 110
[2017.08.07-02.14.11:329][  0]LogStats: UGameplayTagsManager::ConstructGameplayTagTree: Construct from data asset -  0.000 s
[2017.08.07-02.14.11:329][  0]LogStats: UGameplayTagsManager::ConstructGameplayTagTree: GameplayTagTreeChangedEvent.Broadcast -  0.000 s
[2017.08.07-02.14.11:490][  0]LogAIModule: Creating AISystem for world Untitled
[2017.08.07-02.14.11:502][  0]LogInit: XAudio2 using 'E430i-C2 (Intel(R) Display Audio)' : 2 channels at 48 kHz using 16 bits per sample (channel mask 0x3)
[2017.08.07-02.14.11:509][  0]LogInit: FAudioDevice initialized.
[2017.08.07-02.14.11:558][  0]LogDerivedDataCache: Saved boot cache 0.05s 90MB C:/Users/Jon Sledge/AppData/Local/UnrealEngine/4.16/DerivedDataCache/Boot.ddc.
[2017.08.07-02.14.11:576][  0]LogInit: Texture streaming: Enabled
[2017.08.07-02.14.11:685][  0]LogEngineSessionManager: EngineSessionManager initialized
[2017.08.07-02.14.11:901][  0]LogInit: Transaction tracking system initialized
[2017.08.07-02.14.12:268][  0]BlueprintLog: New page: Editor Load
[2017.08.07-02.14.13:333][  0]LocalizationService: Info Localization service is disabled
[2017.08.07-02.14.14:631][  0]LogConsoleResponse:Display: 
[2017.08.07-02.14.14:880][  0]LogCook:Display: Max memory allowance for cook 16384mb min free memory 0mb
[2017.08.07-02.14.14:881][  0]LogCook:Display: Mobile HDR setting 1
[2017.08.07-02.14.15:999][  0]LogFileCache: Scanning file cache for directory 'C:/Users/Jon Sledge/Documents/GitHub/epicgamesstuff/GANGSHITv1/Content/' took 0.03s
[2017.08.07-02.14.16:050][  0]SourceControl: Info Source control is disabled
[2017.08.07-02.14.16:051][  0]Cmd: MAP LOAD FILE="../../../../../../Users/Jon Sledge/Documents/GitHub/epicgamesstuff/GANGSHITv1/Content/FirstPersonBP/Maps/FirstPersonExampleMap.umap" TEMPLATE=0 SHOWPROGRESS=1 FEATURELEVEL=3
[2017.08.07-02.14.16:051][  0]LightingResults: New page: Lighting Build
[2017.08.07-02.14.16:102][  0]MapCheck: New page: Map Check
[2017.08.07-02.14.16:102][  0]LightingResults: New page: Lighting Build
[2017.08.07-02.14.16:940][  0]LogAIModule: Creating AISystem for world FirstPersonExampleMap
[2017.08.07-02.14.16:953][  0]LogEditorServer: Finished looking for orphan Actors (0.000 secs)
[2017.08.07-02.14.16:994][  0]Cmd: MAP CHECKDEP NOCLEARLOG
[2017.08.07-02.14.17:055][  0]MapCheck: Info Map check complete: 0 Error(s), 0 Warning(s), took 61.11ms to complete.
[2017.08.07-02.14.17:055][  0]LogFileHelpers: Loading map 'FirstPersonExampleMap' took 1.005
[2017.08.07-02.14.17:135][  0]LogWindowsTextInputMethodSystem:Display: IME system now deactivated.
[2017.08.07-02.14.17:135][  0]LogWindowsTextInputMethodSystem:Display: IME system now deactivated.
[2017.08.07-02.14.17:712][  0]LogCollectionManager: Loaded 0 collections in 0.003255 seconds
[2017.08.07-02.14.17:810][  0]LogFileCache: Scanning file cache for directory 'C:/Users/Jon Sledge/Documents/GitHub/epicgamesstuff/GANGSHITv1/Saved/Collections/' took 0.01s
[2017.08.07-02.14.17:810][  0]LogFileCache: Scanning file cache for directory 'C:/Users/Jon Sledge/Documents/GitHub/epicgamesstuff/GANGSHITv1/Content/Developers/JonSledge/Collections/' took 0.01s
[2017.08.07-02.14.17:810][  0]LogFileCache: Scanning file cache for directory 'C:/Users/Jon Sledge/Documents/GitHub/epicgamesstuff/GANGSHITv1/Content/Collections/' took 0.01s
[2017.08.07-02.14.17:810][  0]LogCollectionManager: Rebuilt the GUID cache for 0 collections in 0.000002 seconds
[2017.08.07-02.14.17:823][  0]LogContentBrowser: Native class hierarchy populated in 0.0125 seconds. Added 2329 classes and 491 folders.
[2017.08.07-02.14.17:908][  0]LogContentBrowser: Native class hierarchy updated for 'WidgetCarousel' in 0.0007 seconds. Added 0 classes and 0 folders.
[2017.08.07-02.14.19:156][  0]LogContentBrowser: Native class hierarchy updated for 'AddContentDialog' in 0.0005 seconds. Added 0 classes and 0 folders.
[2017.08.07-02.14.19:204][  0]LogContentBrowser: Native class hierarchy updated for 'SceneOutliner' in 0.0005 seconds. Added 1 classes and 2 folders.
[2017.08.07-02.14.19:245][  0]LogCrashTracker: Crashtracker disabled due to settings.
[2017.08.07-02.14.19:250][  0]LogSlate: Took 0.000187 seconds to synchronously load lazily loaded font '../../../Engine/Content/Slate/Fonts/Roboto-Regular.ttf' (155K)
[2017.08.07-02.14.19:253][  0]LogSlate: Took 0.000205 seconds to synchronously load lazily loaded font '../../../Engine/Content/Slate/Fonts/Roboto-Bold.ttf' (160K)
[2017.08.07-02.14.19:275][  0]LogSlate: Took 0.018097 seconds to synchronously load lazily loaded font '../../../Engine/Content/Editor/Slate/Fonts/FontAwesome.ttf' (139K)
[2017.08.07-02.14.19:410][  0]LogRenderer: Reallocating scene render targets to support 964x436 NumSamples 1 (Frame:1).
[2017.08.07-02.14.19:942][  0]LogUObjectGlobals:Warning: Failed to find object 'Class None.'
[2017.08.07-02.14.20:011][  0]LogContentBrowser: Native class hierarchy updated for 'HierarchicalLODOutliner' in 0.0005 seconds. Added 1 classes and 2 folders.
[2017.08.07-02.14.20:011][  0]LogLoad: (Engine Initialization) Total time: 21.75 seconds
[2017.08.07-02.14.20:011][  0]LogLoad: (Engine Initialization) Total Blueprint compile time: 0.18 seconds
[2017.08.07-02.14.20:011][  0]LogExternalProfiler: No external profilers were discovered.  External profiling features will not be available.
[2017.08.07-02.14.20:032][  0]LogOcInput: OculusInput pre-init called
[2017.08.07-02.14.20:032][  0]LogHMD: Starting GearVRController plugin
[2017.08.07-02.14.20:048][  0]LogAssetRegistry: Asset discovery search completed in 14.5333 seconds
[2017.08.07-02.14.20:050][  0]LogCollectionManager: Rebuilt the object cache for 0 collections in 0.000000 seconds (found 0 objects)
[2017.08.07-02.14.20:050][  0]LogCollectionManager: Fixed up redirectors for 0 collections in 0.000025 seconds (updated 0 objects)
[2017.08.07-02.14.20:051][  0]LogContentStreaming: Texture pool size now 600 MB
[2017.08.07-02.14.20:071][  0]LogSlate: Took 0.000618 seconds to synchronously load lazily loaded font '../../../Engine/Content/Slate/Fonts/Roboto-Light.ttf' (159K)
[2017.08.07-02.14.53:905][409]LogEditorViewport: Clicking on Actor (context menu): SkeletalMeshActor (SK_Mannequin_Arms_Skeleton)
[2017.08.07-02.14.57:724][632]LogEditorViewport: Clicking on Actor (LMB): StaticMeshActor (Floor)
[2017.08.07-02.14.58:555][657]LogEditorViewport: Clicking on Actor (LMB): StaticMeshActor (Floor)
[2017.08.07-02.14.59:471][689]LogEditorViewport: Clicking on Actor (LMB): StaticMeshActor (Floor)
[2017.08.07-02.14.59:901][703]LogEditorViewport: Clicking on Actor (LMB): StaticMeshActor (Floor)
[2017.08.07-02.15.08:503][ 27]LogSlate: Took 0.000387 seconds to synchronously load lazily loaded font '../../../Engine/Content/Slate/Fonts/Roboto-Light.ttf' (159K)
[2017.08.07-02.15.08:788][ 27]LogMaterial: Missing cached shader map for material M_UE4Man_Body, compiling. 
[2017.08.07-02.15.09:165][ 27]LogMaterial: Missing cached shader map for material M_UE4Man_Body, compiling. 
[2017.08.07-02.15.09:262][ 27]LogMaterial: Missing cached shader map for material FMatExpressionPreview MaterialExpressionTextureSample_4, compiling. 
[2017.08.07-02.15.09:269][ 27]LogMaterial: Missing cached shader map for material FMatExpressionPreview MaterialExpressionVectorParameter_3, compiling. 
[2017.08.07-02.15.09:276][ 27]LogMaterial: Missing cached shader map for material FMatExpressionPreview MaterialExpressionTextureSampleParameter2D_0, compiling. 
[2017.08.07-02.15.09:320][ 27]LogSlate: Took 0.024793 seconds to synchronously load lazily loaded font '../../../Engine/Content/Editor/Slate/Fonts/Roboto-BoldCondensed.ttf' (158K)
[2017.08.07-02.15.12:171][113]LogSlate: Took 0.001026 seconds to synchronously load lazily loaded font '../../../Engine/Content/Editor/Slate/Fonts/Roboto-Italic.ttf' (157K)
[2017.08.07-02.15.18:697][303]LogMaterial: Missing cached shader map for material Material_0, compiling. 
[2017.08.07-02.15.18:917][304]LogMaterial: Missing cached shader map for material Material_1, compiling. 
[2017.08.07-02.15.19:070][305]LogMaterial: Missing cached shader map for material Material_2, compiling. 
[2017.08.07-02.15.19:214][306]LogMaterial: Missing cached shader map for material Material_3, compiling. 
[2017.08.07-02.15.30:937][687]LogMaterial: Missing cached shader map for material Material_4, compiling. 
[2017.08.07-02.15.31:097][688]LogMaterial: Missing cached shader map for material Material_5, compiling. 
[2017.08.07-02.15.31:265][690]LogMaterial: Missing cached shader map for material Material_6, compiling. 
[2017.08.07-02.15.31:390][691]LogMaterial: Missing cached shader map for material Material_7, compiling. 
[2017.08.07-02.15.37:266][907]LogMaterial: Missing cached shader map for material M_FPGun, compiling. 
[2017.08.07-02.15.38:503][907]LogMaterial: Missing cached shader map for material M_FPGun, compiling. 
[2017.08.07-02.15.38:611][907]LogMaterial: Missing cached shader map for material M_FPGun, compiling. 
[2017.08.07-02.15.38:737][907]LogMaterial: Missing cached shader map for material FMatExpressionPreview MaterialExpressionVectorParameter_3, compiling. 
[2017.08.07-02.15.38:743][907]LogMaterial: Missing cached shader map for material FMatExpressionPreview MaterialExpressionTextureSampleParameter2D_2, compiling. 
[2017.08.07-02.15.38:750][907]LogMaterial: Missing cached shader map for material FMatExpressionPreview MaterialExpressionTextureSampleParameter2D_3, compiling. 
[2017.08.07-02.15.45:953][143]LogActorFactory: Actor Factory created Cube
[2017.08.07-02.15.52:841][384]LogActorFactory: Actor Factory created Cube
[2017.08.07-02.16.17:346][247]LogSavePackage: Save=279.93ms
[2017.08.07-02.16.17:346][247]LogSavePackage: Moving '../../../../../../Users/Jon Sledge/Documents/GitHub/epicgamesstuff/GANGSHITv1/Saved/FirstPersonExampleMapBECA7B184A70D6AE41A83F93DCE2F2A4.tmp' to '../../../../../../Users/Jon Sledge/Documents/GitHub/epicgamesstuff/GANGSHITv1/Content/FirstPersonBP/Maps/FirstPersonExampleMap.umap'
[2017.08.07-02.16.17:351][247]LogSavePackage:Display: Finished SavePackage ../../../../../../Users/Jon Sledge/Documents/GitHub/epicgamesstuff/GANGSHITv1/Content/FirstPersonBP/Maps/FirstPersonExampleMap.umap
[2017.08.07-02.16.20:018][247]LogSlate: Took 0.000185 seconds to synchronously load lazily loaded font '../../../Engine/Content/Slate/Fonts/Roboto-Regular.ttf' (155K)
[2017.08.07-02.16.23:405][247]LogSavePackage: Save=4375.51ms
[2017.08.07-02.16.23:405][247]LogSavePackage: Moving '../../../../../../Users/Jon Sledge/Documents/GitHub/epicgamesstuff/GANGSHITv1/Saved/FirstPersonExampleMap_BuiltData8264854B4EC6DD6B6BA9F895F2994783.tmp' to '../../../../../../Users/Jon Sledge/Documents/GitHub/epicgamesstuff/GANGSHITv1/Content/FirstPersonBP/Maps/FirstPersonExampleMap_BuiltData.uasset'
[2017.08.07-02.16.23:408][247]LogSavePackage:Display: Finished SavePackage ../../../../../../Users/Jon Sledge/Documents/GitHub/epicgamesstuff/GANGSHITv1/Content/FirstPersonBP/Maps/FirstPersonExampleMap_BuiltData.uasset
[2017.08.07-02.16.58:679][674]LogEditorViewport: Clicking on Actor (LMB): StaticMeshActor (Cube)
[2017.08.07-02.17.21:536][416]LogSavePackage: Save=223.30ms
[2017.08.07-02.17.21:536][416]LogSavePackage: Moving '../../../../../../Users/Jon Sledge/Documents/GitHub/epicgamesstuff/GANGSHITv1/Saved/FirstPersonExampleMap436D717E460C75114CFF9E8E64A611FD.tmp' to '../../../../../../Users/Jon Sledge/Documents/GitHub/epicgamesstuff/GANGSHITv1/Content/FirstPersonBP/Maps/FirstPersonExampleMap.umap'
[2017.08.07-02.17.21:541][416]LogSavePackage:Display: Finished SavePackage ../../../../../../Users/Jon Sledge/Documents/GitHub/epicgamesstuff/GANGSHITv1/Content/FirstPersonBP/Maps/FirstPersonExampleMap.umap
[2017.08.07-02.17.21:576][416]LogFileHelpers: Saving map 'FirstPersonExampleMap' took 0.408
[2017.08.07-02.17.21:700][416]LogWindowsTextInputMethodSystem:Display: IME system now deactivated.
[2017.08.07-02.17.21:700][416]LogWindowsTextInputMethodSystem:Display: IME system now deactivated.
[2017.08.07-02.17.22:008][417]Cmd: QUIT_EDITOR
[2017.08.07-02.17.22:045][417]LogExit: Preparing to exit.
[2017.08.07-02.17.22:413][417]LogDirectoryWatcher: A directory notification for 'C:/Users/Jon Sledge/Documents/GitHub/epicgamesstuff/GANGSHITv1/Content/' was aborted.
[2017.08.07-02.17.22:512][417]LogExit: Editor shut down
[2017.08.07-02.17.22:520][417]LogExit: Transaction tracking system shut down
[2017.08.07-02.17.22:691][417]LogObj: Freed 0b from 0 cluster array pools.
[2017.08.07-02.17.22:691][417]LogExit: Object subsystem successfully closed.
[2017.08.07-02.17.22:715][417]LogD3D11RHI: Shutdown
[2017.08.07-02.17.22:715][417]LogD3D11RHI: CleanupD3DDevice
[2017.08.07-02.17.23:189][417]LogD3D11RHI: ~FD3D11DynamicRHI
[2017.08.07-02.17.23:217][417]LogModuleManager: Shutting down and abandoning module MaterialEditor (526)
[2017.08.07-02.17.23:217][417]LogModuleManager: Shutting down and abandoning module HierarchicalLODOutliner (524)
[2017.08.07-02.17.23:217][417]LogModuleManager: Shutting down and abandoning module CrashTracker (522)
[2017.08.07-02.17.23:217][417]LogModuleManager: Shutting down and abandoning module SceneOutliner (520)
[2017.08.07-02.17.23:217][417]LogModuleManager: Shutting down and abandoning module AddContentDialog (518)
[2017.08.07-02.17.23:217][417]LogDirectoryWatcher: A directory notification for 'C:/Program Files/Epic Games/UE_4.16/FeaturePacks/' was aborted.
[2017.08.07-02.17.23:239][417]LogModuleManager: Shutting down and abandoning module WidgetCarousel (517)
[2017.08.07-02.17.23:239][417]LogModuleManager: Shutting down and abandoning module EditorWidgets (514)
[2017.08.07-02.17.23:239][417]LogModuleManager: Shutting down and abandoning module CollectionManager (512)
[2017.08.07-02.17.23:239][417]LogDirectoryWatcher: A directory notification for 'C:/Users/Jon Sledge/Documents/GitHub/epicgamesstuff/GANGSHITv1/Content/Collections/' was aborted.
[2017.08.07-02.17.23:239][417]LogDirectoryWatcher: A directory notification for 'C:/Users/Jon Sledge/Documents/GitHub/epicgamesstuff/GANGSHITv1/Content/Developers/JonSledge/Collections/' was aborted.
[2017.08.07-02.17.23:239][417]LogDirectoryWatcher: A directory notification for 'C:/Users/Jon Sledge/Documents/GitHub/epicgamesstuff/GANGSHITv1/Saved/Collections/' was aborted.
[2017.08.07-02.17.23:239][417]LogModuleManager: Shutting down and abandoning module StatsViewer (510)
[2017.08.07-02.17.23:239][417]LogModuleManager: Shutting down and abandoning module FoliageEdit (508)
[2017.08.07-02.17.23:239][417]LogModuleManager: Shutting down and abandoning module LandscapeEditor (506)
[2017.08.07-02.17.23:239][417]LogModuleManager: Shutting down and abandoning module MeshPaintMode (504)
[2017.08.07-02.17.23:239][417]LogModuleManager: Shutting down and abandoning module SceneDepthPickerMode (502)
[2017.08.07-02.17.23:239][417]LogModuleManager: Shutting down and abandoning module ActorPickerMode (500)
[2017.08.07-02.17.23:239][417]LogModuleManager: Shutting down and abandoning module GeometryMode (498)
[2017.08.07-02.17.23:239][417]LogModuleManager: Shutting down and abandoning module TextureAlignMode (496)
[2017.08.07-02.17.23:239][417]LogModuleManager: Shutting down and abandoning module BspMode (494)
[2017.08.07-02.17.23:239][417]LogModuleManager: Shutting down and abandoning module HardwareSurvey (492)
[2017.08.07-02.17.23:239][417]LogModuleManager: Shutting down and abandoning module SequenceRecorderSections (490)
[2017.08.07-02.17.23:240][417]LogModuleManager: Shutting down and abandoning module AutomationWorker (488)
[2017.08.07-02.17.23:240][417]LogModuleManager: Shutting down and abandoning module MatineeToLevelSequence (486)
[2017.08.07-02.17.23:240][417]LogModuleManager: Shutting down and abandoning module LevelSequenceEditor (484)
[2017.08.07-02.17.23:240][417]LogModuleManager: Shutting down and abandoning module PlacementMode (483)
[2017.08.07-02.17.23:240][417]LogModuleManager: Shutting down and abandoning module WmfMediaFactory (480)
[2017.08.07-02.17.23:240][417]LogModuleManager: Shutting down and abandoning module WmfMediaEditor (478)
[2017.08.07-02.17.23:240][417]LogModuleManager: Shutting down and abandoning module AvfMediaFactory (476)
[2017.08.07-02.17.23:240][417]LogModuleManager: Shutting down and abandoning module AvfMediaEditor (474)
[2017.08.07-02.17.23:240][417]LogModuleManager: Shutting down and abandoning module AndroidMediaFactory (472)
[2017.08.07-02.17.23:240][417]LogModuleManager: Shutting down and abandoning module Media (471)
[2017.08.07-02.17.23:240][417]LogModuleManager: Shutting down and abandoning module AndroidMediaEditor (468)
[2017.08.07-02.17.23:240][417]LogModuleManager: Shutting down and abandoning module CharacterAI (466)
[2017.08.07-02.17.23:240][417]LogModuleManager: Shutting down and abandoning module AudioCapture (464)
[2017.08.07-02.17.23:240][417]LogModuleManager: Shutting down and abandoning module SequenceRecorder (463)
[2017.08.07-02.17.23:240][417]LogModuleManager: Shutting down and abandoning module SmartSnapping (460)
[2017.08.07-02.17.23:240][417]LogModuleManager: Shutting down and abandoning module SessionServices (458)
[2017.08.07-02.17.23:240][417]LogModuleManager: Shutting down and abandoning module ViewportSnapping (456)
[2017.08.07-02.17.23:240][417]LogModuleManager: Shutting down and abandoning module ViewportInteraction (454)
[2017.08.07-02.17.23:240][417]LogModuleManager: Shutting down and abandoning module ClothPainter (452)
[2017.08.07-02.17.23:240][417]LogModuleManager: Shutting down and abandoning module LogVisualizer (450)
[2017.08.07-02.17.23:240][417]LogModuleManager: Shutting down and abandoning module IntroTutorials (448)
[2017.08.07-02.17.23:240][417]LogModuleManager: Shutting down and abandoning module GameProjectGeneration (447)
[2017.08.07-02.17.23:240][417]LogModuleManager: Shutting down and abandoning module EditorLiveStreaming (444)
[2017.08.07-02.17.23:240][417]LogModuleManager: Shutting down and abandoning module IOSPlatformEditor (442)
[2017.08.07-02.17.23:240][417]LogModuleManager: Shutting down and abandoning module HTML5PlatformEditor (440)
[2017.08.07-02.17.23:240][417]LogModuleManager: Shutting down and abandoning module AndroidPlatformEditor (438)
[2017.08.07-02.17.23:240][417]LogModuleManager: Shutting down and abandoning module AndroidDeviceDetection (437)
[2017.08.07-02.17.23:805][417]LogModuleManager: Shutting down and abandoning module IOSRuntimeSettings (434)
[2017.08.07-02.17.23:805][417]LogModuleManager: Shutting down and abandoning module AndroidRuntimeSettings (432)
[2017.08.07-02.17.23:805][417]LogModuleManager: Shutting down and abandoning module InputBindingEditor (430)
[2017.08.07-02.17.23:805][417]LogModuleManager: Shutting down and abandoning module MergeActors (428)
[2017.08.07-02.17.23:805][417]LogModuleManager: Shutting down and abandoning module SizeMap (426)
[2017.08.07-02.17.23:805][417]LogModuleManager: Shutting down and abandoning module TreeMap (424)
[2017.08.07-02.17.23:805][417]LogModuleManager: Shutting down and abandoning module ReferenceViewer (422)
[2017.08.07-02.17.23:805][417]LogModuleManager: Shutting down and abandoning module LocalizationDashboard (420)
[2017.08.07-02.17.23:805][417]LogModuleManager: Shutting down and abandoning module LocalizationService (419)
[2017.08.07-02.17.23:805][417]LogModuleManager: Shutting down and abandoning module HardwareTargeting (416)
[2017.08.07-02.17.23:805][417]LogModuleManager: Shutting down and abandoning module DeviceProfileEditor (414)
[2017.08.07-02.17.23:805][417]LogModuleManager: Shutting down and abandoning module UndoHistory (412)
[2017.08.07-02.17.23:805][417]LogModuleManager: Shutting down and abandoning module UserFeedback (410)
[2017.08.07-02.17.23:805][417]LogModuleManager: Shutting down and abandoning module XmlParser (408)
[2017.08.07-02.17.23:805][417]LogModuleManager: Shutting down and abandoning module Blutility (406)
[2017.08.07-02.17.23:805][417]LogModuleManager: Shutting down and abandoning module ProjectSettingsViewer (404)
[2017.08.07-02.17.23:805][417]LogModuleManager: Shutting down and abandoning module ProjectTargetPlatformEditor (403)
[2017.08.07-02.17.23:806][417]LogModuleManager: Shutting down and abandoning module EditorSettingsViewer (400)
[2017.08.07-02.17.23:806][417]LogModuleManager: Shutting down and abandoning module SettingsEditor (398)
[2017.08.07-02.17.23:806][417]LogModuleManager: Shutting down and abandoning module ProjectLauncher (396)
[2017.08.07-02.17.23:806][417]LogModuleManager: Shutting down and abandoning module SessionFrontend (394)
[2017.08.07-02.17.23:806][417]LogModuleManager: Shutting down and abandoning module ProfilerClient (392)
[2017.08.07-02.17.23:806][417]LogModuleManager: Shutting down and abandoning module DeviceManager (390)
[2017.08.07-02.17.23:806][417]LogModuleManager: Shutting down and abandoning module TargetDeviceServices (389)
[2017.08.07-02.17.23:849][417]LogModuleManager: Shutting down and abandoning module AutomationController (386)
[2017.08.07-02.17.23:849][417]LogModuleManager: Shutting down and abandoning module AutomationWindow (384)
[2017.08.07-02.17.23:849][417]LogModuleManager: Shutting down and abandoning module Layers (382)
[2017.08.07-02.17.23:849][417]LogModuleManager: Shutting down and abandoning module ComponentVisualizers (380)
[2017.08.07-02.17.23:849][417]LogModuleManager: Shutting down and abandoning module DetailCustomizations (378)
[2017.08.07-02.17.23:849][417]LogModuleManager: Shutting down and abandoning module PackagesDialog (376)
[2017.08.07-02.17.23:849][417]LogModuleManager: Shutting down and abandoning module Persona (374)
[2017.08.07-02.17.23:849][417]LogModuleManager: Shutting down and abandoning module AdvancedPreviewScene (373)
[2017.08.07-02.17.23:849][417]LogModuleManager: Shutting down and abandoning module AnimGraph (371)
[2017.08.07-02.17.23:849][417]LogModuleManager: Shutting down and abandoning module Kismet (368)
[2017.08.07-02.17.23:850][417]LogModuleManager: Shutting down and abandoning module ClassViewer (366)
[2017.08.07-02.17.23:850][417]LogModuleManager: Shutting down and abandoning module Toolbox (364)
[2017.08.07-02.17.23:850][417]LogModuleManager: Shutting down and abandoning module ModuleUI (362)
[2017.08.07-02.17.23:850][417]LogModuleManager: Shutting down and abandoning module MovieSceneTools (360)
[2017.08.07-02.17.23:850][417]LogModuleManager: Shutting down and abandoning module OutputLog (358)
[2017.08.07-02.17.23:850][417]LogModuleManager: Shutting down and abandoning module GammaUI (356)
[2017.08.07-02.17.23:850][417]LogModuleManager: Shutting down and abandoning module Documentation (354)
[2017.08.07-02.17.23:850][417]LogModuleManager: Shutting down and abandoning module MovieSceneTracks (352)
[2017.08.07-02.17.23:850][417]LogModuleManager: Shutting down and abandoning module MovieScene (350)
[2017.08.07-02.17.23:850][417]LogModuleManager: Shutting down and abandoning module Niagara (348)
[2017.08.07-02.17.23:850][417]LogModuleManager: Shutting down and abandoning module NiagaraEditor (347)
[2017.08.07-02.17.23:850][417]LogModuleManager: Shutting down and abandoning module StreamingPauseRendering (344)
[2017.08.07-02.17.23:850][417]LogModuleManager: Shutting down and abandoning module AnalyticsET (342)
[2017.08.07-02.17.23:850][417]LogModuleManager: Shutting down and abandoning module PortalServices (340)
[2017.08.07-02.17.23:850][417]LogModuleManager: Shutting down and abandoning module PortalRpc (338)
[2017.08.07-02.17.23:850][417]LogModuleManager: Shutting down and abandoning module MessagingRpc (336)
[2017.08.07-02.17.23:850][417]LogModuleManager: Shutting down and abandoning module AIModule (334)
[2017.08.07-02.17.23:850][417]LogModuleManager: Shutting down and abandoning module GameplayDebugger (333)
[2017.08.07-02.17.23:850][417]LogModuleManager: Shutting down and abandoning module AITestSuite (331)
[2017.08.07-02.17.23:850][417]LogModuleManager: Shutting down and abandoning module ProfilerService (328)
[2017.08.07-02.17.23:979][417]LogModuleManager: Shutting down and abandoning module TaskGraph (326)
[2017.08.07-02.17.23:979][417]LogModuleManager: Shutting down and abandoning module SteamVRController (324)
[2017.08.07-02.17.23:979][417]LogModuleManager: Shutting down and abandoning module SteamVR (322)
[2017.08.07-02.17.23:979][417]LogModuleManager: Shutting down and abandoning module ProceduralMeshComponentEditor (320)
[2017.08.07-02.17.23:979][417]LogModuleManager: Shutting down and abandoning module ProceduralMeshComponent (318)
[2017.08.07-02.17.23:979][417]LogModuleManager: Shutting down and abandoning module OculusLibrary (316)
[2017.08.07-02.17.23:979][417]LogModuleManager: Shutting down and abandoning module OculusInput (314)
[2017.08.07-02.17.23:979][417]LogModuleManager: Shutting down and abandoning module MobilePatchingUtils (312)
[2017.08.07-02.17.23:979][417]LogModuleManager: Shutting down and abandoning module CustomMeshComponent (310)
[2017.08.07-02.17.23:979][417]LogModuleManager: Shutting down and abandoning module CableComponent (308)
[2017.08.07-02.17.23:979][417]LogModuleManager: Shutting down and abandoning module ArchVisCharacter (306)
[2017.08.07-02.17.23:979][417]LogModuleManager: Shutting down and abandoning module AndroidPermission (304)
[2017.08.07-02.17.23:979][417]LogModuleManager: Shutting down and abandoning module MediaPlayerEditor (300)
[2017.08.07-02.17.23:979][417]LogModuleManager: Shutting down and abandoning module HTML5Networking (298)
[2017.08.07-02.17.23:979][417]LogModuleManager: Shutting down and abandoning module AlembicImporter (296)
[2017.08.07-02.17.23:979][417]LogModuleManager: Shutting down and abandoning module AlembicLibrary (295)
[2017.08.07-02.17.23:979][417]LogModuleManager: Shutting down and abandoning module GeometryCache (294)
[2017.08.07-02.17.23:979][417]LogModuleManager: Shutting down and abandoning module GeometryCacheEd (293)
[2017.08.07-02.17.23:979][417]LogModuleManager: Shutting down and abandoning module SuperSearchEditor (288)
[2017.08.07-02.17.23:979][417]LogModuleManager: Shutting down and abandoning module SuperSearch (287)
[2017.08.07-02.17.23:979][417]LogModuleManager: Shutting down and abandoning module SpeedTreeImporter (284)
[2017.08.07-02.17.23:979][417]LogModuleManager: Shutting down and abandoning module PluginBrowser (282)
[2017.08.07-02.17.23:979][417]LogModuleManager: Shutting down and abandoning module MobileLauncherProfileWizard (280)
[2017.08.07-02.17.23:979][417]LogModuleManager: Shutting down and abandoning module VisualStudioSourceCodeAccess (278)
[2017.08.07-02.17.23:979][417]LogModuleManager: Shutting down and abandoning module DesktopPlatform (277)
[2017.08.07-02.17.23:979][417]LogModuleManager: Shutting down and abandoning module UObjectPlugin (274)
[2017.08.07-02.17.23:979][417]LogModuleManager: Shutting down and abandoning module SubversionSourceControl (272)
[2017.08.07-02.17.23:979][417]LogModuleManager: Shutting down and abandoning module PerforceSourceControl (270)
[2017.08.07-02.17.23:979][417]LogModuleManager: Shutting down and abandoning module GitSourceControl (268)
[2017.08.07-02.17.23:979][417]LogModuleManager: Shutting down and abandoning module SourceControl (267)
[2017.08.07-02.17.23:979][417]LogModuleManager: Shutting down and abandoning module LightPropagationVolumeEditor (264)
[2017.08.07-02.17.23:979][417]LogModuleManager: Shutting down and abandoning module PaperTiledImporter (262)
[2017.08.07-02.17.23:979][417]LogModuleManager: Shutting down and abandoning module PaperSpriteSheetImporter (260)
[2017.08.07-02.17.23:979][417]LogModuleManager: Shutting down and abandoning module Paper2DEditor (258)
[2017.08.07-02.17.23:979][417]LogModuleManager: Shutting down and abandoning module MeshPaint (257)
[2017.08.07-02.17.23:979][417]LogModuleManager: Shutting down and abandoning module LevelEditor (255)
[2017.08.07-02.17.23:980][417]LogModuleManager: Shutting down and abandoning module PixelInspectorModule (254)
[2017.08.07-02.17.23:980][417]LogModuleManager: Shutting down and abandoning module MainFrame (252)
[2017.08.07-02.17.23:980][417]LogModuleManager: Shutting down and abandoning module HotReload (251)
[2017.08.07-02.17.23:980][417]LogModuleManager: Shutting down and abandoning module PhysXVehiclesEditor (246)
[2017.08.07-02.17.23:980][417]LogModuleManager: Shutting down and abandoning module PhysXVehicles (244)
[2017.08.07-02.17.23:980][417]LogModuleManager: Shutting down and abandoning module LocationServicesBPLibrary (242)
[2017.08.07-02.17.23:980][417]LogModuleManager: Shutting down and abandoning module ImmediatePhysicsEditor (240)
[2017.08.07-02.17.23:980][417]LogModuleManager: Shutting down and abandoning module ImmediatePhysics (238)
[2017.08.07-02.17.23:980][417]LogModuleManager: Shutting down and abandoning module UdpMessaging (236)
[2017.08.07-02.17.24:082][417]LogModuleManager: Shutting down and abandoning module TcpMessaging (234)
[2017.08.07-02.17.24:182][417]LogModuleManager: Shutting down and abandoning module GameplayTagsEditor (232)
[2017.08.07-02.17.24:182][417]LogModuleManager: Shutting down and abandoning module FacialAnimationEditor (230)
[2017.08.07-02.17.24:182][417]LogModuleManager: Shutting down and abandoning module FacialAnimation (228)
[2017.08.07-02.17.24:182][417]LogModuleManager: Shutting down and abandoning module AssetManagerEditor (226)
[2017.08.07-02.17.24:182][417]LogModuleManager: Shutting down and abandoning module GraphEditor (225)
[2017.08.07-02.17.24:182][417]LogModuleManager: Shutting down and abandoning module ContentBrowser (223)
[2017.08.07-02.17.24:183][417]LogModuleManager: Shutting down and abandoning module LightPropagationVolumeRuntime (220)
[2017.08.07-02.17.24:183][417]LogModuleManager: Shutting down and abandoning module Paper2D (218)
[2017.08.07-02.17.24:183][417]LogModuleManager: Shutting down and abandoning module WindowsMoviePlayer (216)
[2017.08.07-02.17.24:183][417]LogModuleManager: Shutting down and abandoning module WmfMedia (214)
[2017.08.07-02.17.24:183][417]LogModuleManager: Shutting down and abandoning module ClothingSystemEditor (212)
[2017.08.07-02.17.24:183][417]LogModuleManager: Shutting down and abandoning module ClothingSystemRuntime (210)
[2017.08.07-02.17.24:183][417]LogModuleManager: Shutting down and abandoning module MediaAssets (208)
[2017.08.07-02.17.24:183][417]LogModuleManager: Shutting down and abandoning module GameLiveStreaming (206)
[2017.08.07-02.17.24:183][417]LogModuleManager: Shutting down and abandoning module VREditor (204)
[2017.08.07-02.17.24:183][417]LogModuleManager: Shutting down and abandoning module StringTableEditor (202)
[2017.08.07-02.17.24:183][417]LogModuleManager: Shutting down and abandoning module GameplayTasksEditor (200)
[2017.08.07-02.17.24:183][417]LogModuleManager: Shutting down and abandoning module BehaviorTreeEditor (198)
[2017.08.07-02.17.24:183][417]LogModuleManager: Shutting down and abandoning module FunctionalTesting (196)
[2017.08.07-02.17.24:183][417]LogModuleManager: Shutting down and abandoning module CollisionAnalyzer (194)
[2017.08.07-02.17.24:183][417]LogModuleManager: Shutting down and abandoning module UMG (192)
[2017.08.07-02.17.24:183][417]LogModuleManager: Shutting down and abandoning module UMGEditor (191)
[2017.08.07-02.17.24:183][417]LogModuleManager: Shutting down and abandoning module Sequencer (190)
[2017.08.07-02.17.24:183][417]LogModuleManager: Shutting down and abandoning module AssetTools (188)
[2017.08.07-02.17.24:183][417]LogModuleManager: Shutting down and abandoning module MessageLog (187)
[2017.08.07-02.17.24:183][417]LogModuleManager: Shutting down and abandoning module WorkspaceMenuStructure (186)
[2017.08.07-02.17.24:183][417]LogModuleManager: Shutting down and abandoning module SlateReflector (180)
[2017.08.07-02.17.24:183][417]LogModuleManager: Shutting down and abandoning module Slate (178)
[2017.08.07-02.17.24:183][417]LogModuleManager: Shutting down and abandoning module EditorStyle (176)
[2017.08.07-02.17.24:185][417]LogModuleManager: Shutting down and abandoning module SourceCodeAccess (174)
[2017.08.07-02.17.24:185][417]LogModuleManager: Shutting down and abandoning module HeadMountedDisplay (172)
[2017.08.07-02.17.24:185][417]LogModuleManager: Shutting down and abandoning module XAudio2 (170)
[2017.08.07-02.17.24:185][417]LogModuleManager: Shutting down and abandoning module Networking (168)
[2017.08.07-02.17.24:185][417]LogModuleManager: Shutting down and abandoning module Core (164)
[2017.08.07-02.17.24:185][417]LogModuleManager: Shutting down and abandoning module AssetRegistry (162)
[2017.08.07-02.17.24:341][417]LogDirectoryWatcher: A directory notification for '../../../Engine/Content/' was aborted.
[2017.08.07-02.17.24:341][417]LogDirectoryWatcher: A directory notification for '../../../../../../Users/Jon Sledge/Documents/GitHub/epicgamesstuff/GANGSHITv1/Content/' was aborted.
[2017.08.07-02.17.24:341][417]LogDirectoryWatcher: A directory notification for '../../../Engine/Plugins/2D/Paper2D/Content/' was aborted.
[2017.08.07-02.17.24:341][417]LogDirectoryWatcher: A directory notification for '../../../Engine/Plugins/Runtime/GearVR/Content/' was aborted.
[2017.08.07-02.17.24:343][417]LogModuleManager: Shutting down and abandoning module DirectoryWatcher (161)
[2017.08.07-02.17.24:343][417]LogModuleManager: Shutting down and abandoning module KismetCompiler (158)
[2017.08.07-02.17.24:343][417]LogModuleManager: Shutting down and abandoning module LevelSequence (156)
[2017.08.07-02.17.24:343][417]LogModuleManager: Shutting down and abandoning module PhysXFormats (154)
[2017.08.07-02.17.24:343][417]LogModuleManager: Shutting down and abandoning module MeshUtilities (152)
[2017.08.07-02.17.24:343][417]LogModuleManager: Shutting down and abandoning module SimplygonSwarm (151)
[2017.08.07-02.17.24:343][417]LogModuleManager: Shutting down and abandoning module SimplygonMeshReduction (149)
[2017.08.07-02.17.24:343][417]LogModuleManager: Shutting down and abandoning module QuadricMeshReduction (147)
[2017.08.07-02.17.24:343][417]LogModuleManager: Shutting down and abandoning module DerivedDataCache (144)
[2017.08.07-02.17.24:420][417]LogDerivedDataCache: Shutdown
[2017.08.07-02.17.24:420][417]LogModuleManager: Shutting down and abandoning module TargetPlatform (142)
[2017.08.07-02.17.24:420][417]LogModuleManager: Shutting down and abandoning module VulkanShaderFormat (141)
[2017.08.07-02.17.24:420][417]LogModuleManager: Shutting down and abandoning module ShaderFormatVectorVM (139)
[2017.08.07-02.17.24:420][417]LogModuleManager: Shutting down and abandoning module ShaderFormatOpenGL (137)
[2017.08.07-02.17.24:420][417]LogModuleManager: Shutting down and abandoning module ShaderFormatD3D (135)
[2017.08.07-02.17.24:420][417]LogModuleManager: Shutting down and abandoning module MetalShaderFormat (133)
[2017.08.07-02.17.24:420][417]LogModuleManager: Shutting down and abandoning module TextureFormatUncompressed (131)
[2017.08.07-02.17.24:420][417]LogModuleManager: Shutting down and abandoning module TextureFormatPVR (129)
[2017.08.07-02.17.24:420][417]LogModuleManager: Shutting down and abandoning module TextureFormatDXT (127)
[2017.08.07-02.17.24:420][417]LogModuleManager: Shutting down and abandoning module TextureFormatIntelISPCTexComp (125)
[2017.08.07-02.17.24:420][417]LogModuleManager: Shutting down and abandoning module TextureFormatASTC (123)
[2017.08.07-02.17.24:420][417]LogModuleManager: Shutting down and abandoning module ImageWrapper (122)
[2017.08.07-02.17.24:420][417]LogModuleManager: Shutting down and abandoning module TextureFormatAndroid (119)
[2017.08.07-02.17.24:420][417]LogModuleManager: Shutting down and abandoning module AudioFormatOpus (117)
[2017.08.07-02.17.24:420][417]LogModuleManager: Shutting down and abandoning module AudioFormatOgg (115)
[2017.08.07-02.17.24:420][417]LogModuleManager: Shutting down and abandoning module AudioFormatADPCM (113)
[2017.08.07-02.17.24:420][417]LogModuleManager: Shutting down and abandoning module LinuxTargetPlatform (111)
[2017.08.07-02.17.24:420][417]LogModuleManager: Shutting down and abandoning module LinuxServerTargetPlatform (109)
[2017.08.07-02.17.24:420][417]LogModuleManager: Shutting down and abandoning module LinuxNoEditorTargetPlatform (107)
[2017.08.07-02.17.24:420][417]LogModuleManager: Shutting down and abandoning module LinuxClientTargetPlatform (105)
[2017.08.07-02.17.24:420][417]LogModuleManager: Shutting down and abandoning module TVOSTargetPlatform (103)
[2017.08.07-02.17.24:420][417]LogModuleManager: Shutting down and abandoning module Messaging (101)
[2017.08.07-02.17.24:420][417]LogModuleManager: Shutting down and abandoning module IOSTargetPlatform (99)
[2017.08.07-02.17.24:420][417]LogModuleManager: Shutting down and abandoning module HTML5TargetPlatform (97)
[2017.08.07-02.17.24:420][417]LogModuleManager: Shutting down and abandoning module Android_PVRTCTargetPlatform (95)
[2017.08.07-02.17.24:420][417]LogModuleManager: Shutting down and abandoning module Android_MultiTargetPlatform (93)
[2017.08.07-02.17.24:420][417]LogModuleManager: Shutting down and abandoning module Android_ETC2TargetPlatform (91)
[2017.08.07-02.17.24:420][417]LogModuleManager: Shutting down and abandoning module Android_ETC1TargetPlatform (89)
[2017.08.07-02.17.24:420][417]LogModuleManager: Shutting down and abandoning module Android_DXTTargetPlatform (87)
[2017.08.07-02.17.24:420][417]LogModuleManager: Shutting down and abandoning module Android_ATCTargetPlatform (85)
[2017.08.07-02.17.24:420][417]LogModuleManager: Shutting down and abandoning module Android_ASTCTargetPlatform (83)
[2017.08.07-02.17.24:420][417]LogModuleManager: Shutting down and abandoning module AndroidTargetPlatform (81)
[2017.08.07-02.17.24:420][417]LogModuleManager: Shutting down and abandoning module WindowsTargetPlatform (79)
[2017.08.07-02.17.24:420][417]LogModuleManager: Shutting down and abandoning module WindowsServerTargetPlatform (77)
[2017.08.07-02.17.24:420][417]LogModuleManager: Shutting down and abandoning module WindowsNoEditorTargetPlatform (75)
[2017.08.07-02.17.24:420][417]LogModuleManager: Shutting down and abandoning module WindowsClientTargetPlatform (73)
[2017.08.07-02.17.24:420][417]LogModuleManager: Shutting down and abandoning module MacTargetPlatform (71)
[2017.08.07-02.17.24:420][417]LogModuleManager: Shutting down and abandoning module MacServerTargetPlatform (69)
[2017.08.07-02.17.24:420][417]LogModuleManager: Shutting down and abandoning module MacNoEditorTargetPlatform (67)
[2017.08.07-02.17.24:420][417]LogModuleManager: Shutting down and abandoning module MacClientTargetPlatform (65)
[2017.08.07-02.17.24:420][417]LogModuleManager: Shutting down and abandoning module AllDesktopTargetPlatform (63)
[2017.08.07-02.17.24:421][417]LogModuleManager: Shutting down and abandoning module InputCore (60)
[2017.08.07-02.17.24:421][417]LogModuleManager: Shutting down and abandoning module Settings (58)
[2017.08.07-02.17.24:421][417]LogModuleManager: Shutting down and abandoning module OculusRift (56)
[2017.08.07-02.17.24:421][417]LogModuleManager: Shutting down and abandoning module GearVRController (54)
[2017.08.07-02.17.24:421][417]LogModuleManager: Shutting down and abandoning module GearVR (52)
[2017.08.07-02.17.24:421][417]LogModuleManager: Shutting down and abandoning module ExampleDeviceProfileSelector (50)
[2017.08.07-02.17.24:421][417]LogModuleManager: Shutting down and abandoning module OnlineBlueprintSupport (48)
[2017.08.07-02.17.24:421][417]LogModuleManager: Shutting down and abandoning module OnlineSubsystem (44)
[2017.08.07-02.17.24:421][417]LogOnline:Display: Unloading online subsystem: NULL
[2017.08.07-02.17.24:421][417]LogModuleManager: Shutting down and abandoning module XMPP (43)
[2017.08.07-02.17.24:421][417]LogModuleManager: Shutting down and abandoning module HTTP (41)
[2017.08.07-02.17.24:421][417]LogHttp:Display: Http module shutting down, but needs to wait on 1 outstanding Http requests:
[2017.08.07-02.17.24:421][417]LogHttp:Display: 	verb=[POST] url=[https://datarouter.ol.epicgames.com/datarouter/api/v1/public/data?SessionID=%7BA028BC5C-4D4A-AC11-9C85-9CA2EA93A06F%7D&AppID=UEEditor.Rocket.Release&AppVersion=4.16.3-3561208%2B%2B%2BUE4%2BRelease-4.16&UserID=a4bf194840145142aad31c9a8b7dc2b4%7Cc8aaab941b6041cdad7049454197db70%7Cb1005d92-cc27-411a-94a3-6ae2fd2c049e&AppEnvironment=datacollector-binary&UploadType=eteventstream] status=Processing
[2017.08.07-02.17.24:448][417]LogModuleManager: Shutting down and abandoning module SSL (40)
[2017.08.07-02.17.24:449][417]LogModuleManager: Shutting down and abandoning module HTTPChunkInstaller (36)
[2017.08.07-02.17.24:449][417]LogModuleManager: Shutting down and abandoning module AnimationModifiers (34)
[2017.08.07-02.17.24:449][417]LogModuleManager: Shutting down and abandoning module PropertyEditor (33)
[2017.08.07-02.17.24:449][417]LogModuleManager: Shutting down and abandoning module AudioEditor (30)
[2017.08.07-02.17.24:449][417]LogModuleManager: Shutting down and abandoning module TextureCompressor (28)
[2017.08.07-02.17.24:449][417]LogModuleManager: Shutting down and abandoning module ShaderCore (26)
[2017.08.07-02.17.24:449][417]LogModuleManager: Shutting down and abandoning module Landscape (24)
[2017.08.07-02.17.24:449][417]LogModuleManager: Shutting down and abandoning module SlateRHIRenderer (22)
[2017.08.07-02.17.24:450][417]LogModuleManager: Shutting down and abandoning module OpenGLDrv (20)
[2017.08.07-02.17.24:450][417]LogModuleManager: Shutting down and abandoning module D3D11RHI (18)
[2017.08.07-02.17.24:450][417]LogModuleManager: Shutting down and abandoning module AnimGraphRuntime (16)
[2017.08.07-02.17.24:450][417]LogModuleManager: Shutting down and abandoning module Renderer (14)
[2017.08.07-02.17.24:450][417]LogModuleManager: Shutting down and abandoning module Engine (12)
[2017.08.07-02.17.24:450][417]LogModuleManager: Shutting down and abandoning module CoreUObject (10)
[2017.08.07-02.17.24:450][417]LogModuleManager: Shutting down and abandoning module NetworkFile (8)
[2017.08.07-02.17.24:450][417]LogModuleManager: Shutting down and abandoning module StreamingFile (6)
[2017.08.07-02.17.24:450][417]LogModuleManager: Shutting down and abandoning module SandboxFile (4)
[2017.08.07-02.17.24:450][417]LogModuleManager: Shutting down and abandoning module PakFile (2)
[2017.08.07-02.17.24:450][417]LogExit: Exiting.
[2017.08.07-02.17.24:462][417]Log file closed, 08/06/17 22:17:24
