Log file open, 08/06/17 22:45:20
LogInit:Display: Running engine for game: GANGSHITv1
LogPlatformFile: Not using cached read wrapper
LogInit:Display: RandInit(-39923584) SRandInit(-39923584).
LogTaskGraph: Started task graph with 5 named threads and 6 total threads with 1 sets of task threads.
LogStats: Stats thread started at 0.091700
LogInit: Using libcurl 7.47.1
LogInit:  - built for x86_64-pc-win32
LogInit:  - supports SSL with OpenSSL/1.0.2g
LogInit:  - supports HTTP deflate (compression) using libz 1.2.8
LogInit:  - other features:
LogInit:      CURL_VERSION_SSL
LogInit:      CURL_VERSION_LIBZ
LogInit:      CURL_VERSION_IPV6
LogInit:      CURL_VERSION_ASYNCHDNS
LogInit:      CURL_VERSION_LARGEFILE
LogInit:      CURL_VERSION_IDN
LogInit:  CurlRequestOptions (configurable via config and command line):
LogInit:  - bVerifyPeer = false  - Libcurl will NOT verify peer certificate
LogInit:  - bUseHttpProxy = false  - Libcurl will NOT use HTTP proxy
LogInit:  - bDontReuseConnections = false  - Libcurl will reuse connections
LogInit:  - CertBundlePath = nullptr  - Libcurl will use whatever was configured at build time.
LogInit: Build: ++UE4+Release-4.16-CL-3561208
LogInit: Engine Version: 4.16.3-3561208+++UE4+Release-4.16
LogInit: Compatible Engine Version: 4.16.0-3452394+++UE4+Release-4.16
LogInit: Net CL: 3452394
LogDevObjectVersion: Number of dev versions registered: 16
LogDevObjectVersion:   Dev-Blueprints (B0D832E4-1F89-4F0D-ACCF-7EB736FD4AA2): 9
LogDevObjectVersion:   Dev-Build (E1C64328-A22C-4D53-A36C-8E866417BD8C): 0
LogDevObjectVersion:   Dev-Core (375EC13C-06E4-48FB-B500-84F0262A717E): 2
LogDevObjectVersion:   Dev-Editor (E4B068ED-F494-42E9-A231-DA0B2E46BB41): 17
LogDevObjectVersion:   Dev-Framework (CFFC743F-43B0-4480-9391-14DF171D2073): 23
LogDevObjectVersion:   Dev-Mobile (B02B49B5-BB20-44E9-A304-32B752E40360): 0
LogDevObjectVersion:   Dev-Networking (A4E4105C-59A1-49B5-A7C5-40C4547EDFEE): 0
LogDevObjectVersion:   Dev-Online (39C831C9-5AE6-47DC-9A44-9C173E1C8E7C): 0
LogDevObjectVersion:   Dev-Physics (78F01B33-EBEA-4F98-B9B4-84EACCB95AA2): 0
LogDevObjectVersion:   Dev-Platform (6631380F-2D4D-43E0-8009-CF276956A95A): 0
LogDevObjectVersion:   Dev-Rendering (12F88B9F-8875-4AFC-A67C-D90C383ABD29): 15
LogDevObjectVersion:   Dev-Sequencer (7B5AE74C-D270-4C10-A958-57980B212A5A): 4
LogDevObjectVersion:   Dev-VR (D7296918-1DD6-4BDD-9DE2-64A83CC13884): 0
LogDevObjectVersion:   Dev-LoadTimes (C2A15278-BFE7-4AFE-6C17-90FF531DF755): 1
LogDevObjectVersion:   Private-Geometry (6EACA3D4-40EC-4CC1-B786-8BED09428FC5): 1
LogDevObjectVersion:   Dev-AnimPhys (29E575DD-E0A3-4627-9D10-D276232CDCEA): 3
LogInit: Compiled (64-bit): Jul 28 2017 11:49:47
LogInit: Compiled with Visual C++: 19.00.24215.01
LogInit: Build Configuration: Development
LogInit: Branch Name: ++UE4+Release-4.16
LogInit: Command line:  
LogInit: Base directory: C:/Program Files/Epic Games/UE_4.16/Engine/Binaries/Win64/
LogInit: Installed Engine Build: 1
LogInit: Presizing for max 8388607 objects, including 0 objects not considered by GC, pre-allocating 0 bytes for permanent pool.
LogInit: Object subsystem initialized
[2017.08.07-02.45.21:597][  0]LogInit: Selected Device Profile: [Windows]
[2017.08.07-02.45.21:597][  0]LogInit: Applying CVar settings loaded from the selected device profile: [Windows]
[2017.08.07-02.45.21:825][  0]LogInit: Computer: DESKTOP-31DK6I5
[2017.08.07-02.45.21:825][  0]LogInit: User: OwenKimbrell
[2017.08.07-02.45.21:825][  0]LogInit: CPU Page size=4096, Cores=2
[2017.08.07-02.45.21:825][  0]LogInit: High frequency timer resolution =2.143478 MHz
[2017.08.07-02.45.21:825][  0]LogMemory: Memory total: Physical=5.9GB (6GB approx)
[2017.08.07-02.45.21:825][  0]LogMemory: Platform Memory Stats for Windows
[2017.08.07-02.45.21:825][  0]LogMemory: Process Physical Memory: 272.63 MB used, 272.63 MB peak
[2017.08.07-02.45.21:825][  0]LogMemory: Process Virtual Memory: 266.44 MB used, 266.44 MB peak
[2017.08.07-02.45.21:826][  0]LogMemory: Physical Memory: 2875.01 MB used,  3148.77 MB free, 6023.78 MB total
[2017.08.07-02.45.21:826][  0]LogMemory: Virtual Memory: 642.02 MB used,  3148.77 MB free, 134217728.00 MB total
[2017.08.07-02.45.22:005][  0]LogInit: Using OS detected language (en-US).
[2017.08.07-02.45.22:005][  0]LogInit: Using OS detected locale (en-US).
[2017.08.07-02.45.22:208][  0]LogTextLocalizationManager: No specific localization for 'en-US' exists, so the 'en' localization will be used.
[2017.08.07-02.45.32:913][  0]LogD3D11RHI: D3D11 adapters:
[2017.08.07-02.45.33:121][  0]LogD3D11RHI:    0. 'Intel(R) HD Graphics 5500' (Feature Level 11_0)
[2017.08.07-02.45.33:121][  0]LogD3D11RHI:       128/0/3011 MB DedicatedVideo/DedicatedSystem/SharedSystem, Outputs:1, VendorId:0x8086
[2017.08.07-02.45.33:123][  0]LogD3D11RHI:    1. 'Microsoft Basic Render Driver' (Feature Level 11_0)
[2017.08.07-02.45.33:123][  0]LogD3D11RHI:       0/0/3011 MB DedicatedVideo/DedicatedSystem/SharedSystem, Outputs:0, VendorId:0x1414
[2017.08.07-02.45.33:123][  0]LogD3D11RHI: Chosen D3D11 Adapter: 0
[2017.08.07-02.45.33:130][  0]LogD3D11RHI: Creating new Direct3DDevice
[2017.08.07-02.45.33:130][  0]LogD3D11RHI:     GPU DeviceId: 0x1616 (for the marketing name, search the web for "GPU Device Id")
[2017.08.07-02.45.33:130][  0]LogWindows: EnumDisplayDevices:
[2017.08.07-02.45.33:130][  0]LogWindows:    0. 'Intel(R) HD Graphics 5500' (P:1 D:1)
[2017.08.07-02.45.33:130][  0]LogWindows:    1. 'Intel(R) HD Graphics 5500' (P:0 D:0)
[2017.08.07-02.45.33:131][  0]LogWindows:    2. 'Intel(R) HD Graphics 5500' (P:0 D:0)
[2017.08.07-02.45.33:131][  0]LogWindows: DebugString: FoundDriverCount:3 
[2017.08.07-02.45.33:131][  0]LogD3D11RHI:     Adapter Name: Intel(R) HD Graphics 5500
[2017.08.07-02.45.33:131][  0]LogD3D11RHI:   Driver Version: 20.19.15.4531 (internal:20.19.15.4531, unified:20.19.15.4531)
[2017.08.07-02.45.33:131][  0]LogD3D11RHI:      Driver Date: 9-29-2016
[2017.08.07-02.45.33:131][  0]LogRHI: Texture pool is 1143 MB (70% of 1633 MB)
[2017.08.07-02.45.33:146][  0]LogD3D11RHI: Async texture creation enabled
[2017.08.07-02.45.33:165][  0]LogD3D11RHI: GPU Timing Frequency: 12.500000 (Debug: 2 0)
[2017.08.07-02.45.33:166][  0]LogShaderCompilers: Guid format shader working directory is -26 characters bigger than the processId version (../../../../../../Users/Owen Kimbrell/Documents/GitHub/epicgamesstuff/GANGSHITv1/Intermediate/Shaders/WorkingDirectory/9700/).
[2017.08.07-02.45.33:166][  0]LogShaderCompilers: Cleaned the shader compiler working directory 'C:/Users/Owen Kimbrell/AppData/Local/Temp/UnrealShaderWorkingDir/3E7F20194CA9426DD5BEBAAC781E90D6/'.
[2017.08.07-02.45.33:167][  0]LogShaderCompilers:Display: Using Local Shader Compiler.
[2017.08.07-02.45.36:636][  0]LogTemp:Display: Loaded TP AllDesktopTargetPlatform
[2017.08.07-02.45.36:718][  0]LogTemp:Display: Loaded TP MacClientTargetPlatform
[2017.08.07-02.45.36:802][  0]LogTemp:Display: Loaded TP MacNoEditorTargetPlatform
[2017.08.07-02.45.36:886][  0]LogTemp:Display: Loaded TP MacServerTargetPlatform
[2017.08.07-02.45.36:979][  0]LogTemp:Display: Loaded TP MacTargetPlatform
[2017.08.07-02.45.37:116][  0]LogTemp:Display: Loaded TP WindowsClientTargetPlatform
[2017.08.07-02.45.37:230][  0]LogTemp:Display: Loaded TP WindowsNoEditorTargetPlatform
[2017.08.07-02.45.37:334][  0]LogTemp:Display: Loaded TP WindowsServerTargetPlatform
[2017.08.07-02.45.37:427][  0]LogTemp:Display: Loaded TP WindowsTargetPlatform
[2017.08.07-02.45.37:551][  0]LogTemp:Display: Loaded TP AndroidTargetPlatform
[2017.08.07-02.45.37:643][  0]LogTemp:Display: Loaded TP Android_ASTCTargetPlatform
[2017.08.07-02.45.37:730][  0]LogTemp:Display: Loaded TP Android_ATCTargetPlatform
[2017.08.07-02.45.37:824][  0]LogTemp:Display: Loaded TP Android_DXTTargetPlatform
[2017.08.07-02.45.37:912][  0]LogTemp:Display: Loaded TP Android_ETC1TargetPlatform
[2017.08.07-02.45.38:008][  0]LogTemp:Display: Loaded TP Android_ETC2TargetPlatform
[2017.08.07-02.45.38:259][  0]LogTemp:Display: Loaded TP Android_MultiTargetPlatform
[2017.08.07-02.45.38:259][  0]LogTemp:Display: Loaded TP Android_PVRTCTargetPlatform
[2017.08.07-02.45.38:348][  0]LogTemp:Display: Loaded TP HTML5TargetPlatform
[2017.08.07-02.45.38:530][  0]LogTemp:Display: Loaded TP IOSTargetPlatform
[2017.08.07-02.45.38:596][  0]LogTemp:Display: Loaded TP TVOSTargetPlatform
[2017.08.07-02.45.38:679][  0]LogTemp:Display: Loaded TP LinuxClientTargetPlatform
[2017.08.07-02.45.38:759][  0]LogTemp:Display: Loaded TP LinuxNoEditorTargetPlatform
[2017.08.07-02.45.38:842][  0]LogTemp:Display: Loaded TP LinuxServerTargetPlatform
[2017.08.07-02.45.38:936][  0]LogTemp:Display: Loaded TP LinuxTargetPlatform
[2017.08.07-02.45.38:936][  0]LogTargetPlatformManager:Display: Building Assets For Windows
[2017.08.07-02.45.39:820][  0]LogDerivedDataCache:Display: Max Cache Size: 512 MB
[2017.08.07-02.45.41:309][  0]LogDerivedDataCache: Loaded boot cache 1.49s 90MB C:/Users/Owen Kimbrell/AppData/Local/UnrealEngine/4.16/DerivedDataCache/Boot.ddc.
[2017.08.07-02.45.41:309][  0]LogDerivedDataCache:Display: Loaded Boot cache: C:/Users/Owen Kimbrell/AppData/Local/UnrealEngine/4.16/DerivedDataCache/Boot.ddc
[2017.08.07-02.45.41:309][  0]LogDerivedDataCache: FDerivedDataBackendGraph:  Pak pak cache file ../../../../../../Users/Owen Kimbrell/Documents/GitHub/epicgamesstuff/GANGSHITv1/DerivedDataCache/DDC.ddp not found, will not use a pak cache.
[2017.08.07-02.45.41:309][  0]LogDerivedDataCache: Unable to find inner node Pak for hierarchical cache Hierarchy.
[2017.08.07-02.45.41:310][  0]LogDerivedDataCache: FDerivedDataBackendGraph:  CompressedPak pak cache file ../../../../../../Users/Owen Kimbrell/Documents/GitHub/epicgamesstuff/GANGSHITv1/DerivedDataCache/Compressed.ddp not found, will not use a pak cache.
[2017.08.07-02.45.41:310][  0]LogDerivedDataCache: Unable to find inner node CompressedPak for hierarchical cache Hierarchy.
[2017.08.07-02.45.41:343][  0]LogDerivedDataCache:Display: Pak cache opened for reading ../../../Engine/DerivedDataCache/Compressed.ddp.
[2017.08.07-02.45.41:355][  0]LogDerivedDataCache: Using Local data cache path C:/Users/Owen Kimbrell/AppData/Local/UnrealEngine/Common/DerivedDataCache: Writable
[2017.08.07-02.45.41:371][  0]LogMaterial: Verifying Global Shaders for PCD3D_SM5
[2017.08.07-02.45.41:372][  0]LogSlate: Using Freetype 2.6.0
[2017.08.07-02.45.41:424][  0]LogSlate: SlateFontCache - WITH_FREETYPE: 1, WITH_HARFBUZZ: 1
[2017.08.07-02.45.41:425][  0]LogSlate: SlateFontCache - WITH_FREETYPE: 1, WITH_HARFBUZZ: 1
[2017.08.07-02.45.44:807][  0]LogInit: Selected Device Profile: [Windows]
[2017.08.07-02.45.45:042][  0]LogContentStreaming: Texture pool size is 0.00 MB
[2017.08.07-02.45.45:419][  0]LogMeshUtilities: Using QuadricMeshReduction for automatic static mesh reduction
[2017.08.07-02.45.45:608][  0]LogSimplygon: Simplygon DLL not present - disabling.
[2017.08.07-02.45.45:707][  0]LogMeshUtilities: Using SimplygonSwarm for distributed automatic mesh merging
[2017.08.07-02.45.45:707][  0]LogMeshUtilities: No automatic skeletal mesh reduction module available
[2017.08.07-02.45.45:707][  0]LogMeshUtilities: No automatic mesh merging module available
[2017.08.07-02.45.47:027][  0]LogNetVersion: GANGSHITv1 , NetCL: 3452394, EngineNetVer: 2, GameNetVer: 0 (Checksum: 1702943582)
[2017.08.07-02.45.47:124][  0]LogAssetRegistry: FAssetRegistry took 0.0299 seconds to start up
[2017.08.07-02.45.47:242][  0]LogPackageLocalizationCache: Processed 4 localized package path(s) for 2 prioritized culture(s) in 0.077605 seconds
[2017.08.07-02.45.47:255][  0]LogUObjectArray: 34194 objects as part of root set at end of initial load.
[2017.08.07-02.45.47:255][  0]LogUObjectAllocator: 7260416 out of 0 bytes used by permanent object pool.
[2017.08.07-02.45.47:255][  0]LogUObjectArray: CloseDisregardForGC: 0/0 objects in disregard for GC pool
[2017.08.07-02.45.47:378][  0]LogInit: WinSock: version 1.1 (2.2), MaxSocks=32767, MaxUdp=65467
[2017.08.07-02.46.42:273][  0]LogTcpMessaging: Initializing TcpMessaging bridge
[2017.08.07-02.46.42:579][  0]LogUdpMessaging: Initializing bridge on interface 0.0.0.0:0 to multicast group 230.0.0.1:6666.
[2017.08.07-02.46.46:788][  0]LogMaterial: Uniform references updated for custom material expression Custom.
[2017.08.07-02.46.49:063][  0]SourceControl: Info Source control is disabled
[2017.08.07-02.46.49:500][  0]SourceControl: Info Source control is disabled
[2017.08.07-02.46.50:075][  0]SourceControl: Info Source control is disabled
[2017.08.07-02.46.50:393][  0]SourceControl: Info Source control is disabled
[2017.08.07-02.46.51:837][  0]LogLinker:Warning: Can't find file '/Game/QuickGravitySettings/FirstPersonBP/FirstPersonOverview'
[2017.08.07-02.46.51:837][  0]LogLinker:Warning: Can't find file '/Game/QuickGravitySettings/FirstPersonBP/FirstPersonOverview'
[2017.08.07-02.46.51:837][  0]LogUObjectGlobals:Warning: Failed to find object 'Class /Game/QuickGravitySettings/FirstPersonBP/FirstPersonOverview.FirstPersonOverview_C'
[2017.08.07-02.46.52:818][  0]LogAndroidPermission: UAndroidPermissionCallbackProxy::GetInstance
[2017.08.07-02.46.54:676][  0]LogEngine: Initializing Engine...
[2017.08.07-02.46.54:683][  0]LogHMD: Failed to initialize OpenVR with code 110
[2017.08.07-02.46.55:036][  0]LogStats: UGameplayTagsManager::ConstructGameplayTagTree: Construct from data asset -  0.000 s
[2017.08.07-02.46.55:036][  0]LogStats: UGameplayTagsManager::ConstructGameplayTagTree: GameplayTagTreeChangedEvent.Broadcast -  0.000 s
[2017.08.07-02.46.55:309][  0]LogAIModule: Creating AISystem for world Untitled
[2017.08.07-02.46.55:337][  0]LogInit: XAudio2 using 'Speakers / Headphones (Realtek High Definition Audio)' : 2 channels at 48 kHz using 32 bits per sample (channel mask 0x3)
[2017.08.07-02.46.55:582][  0]LogInit: FAudioDevice initialized.
[2017.08.07-02.46.55:663][  0]LogDerivedDataCache: Saved boot cache 0.08s 90MB C:/Users/Owen Kimbrell/AppData/Local/UnrealEngine/4.16/DerivedDataCache/Boot.ddc.
[2017.08.07-02.46.55:690][  0]LogInit: Texture streaming: Enabled
[2017.08.07-02.46.55:915][  0]LogEngineSessionManager: EngineSessionManager initialized
[2017.08.07-02.46.56:623][  0]LogInit: Transaction tracking system initialized
[2017.08.07-02.46.57:593][  0]BlueprintLog: New page: Editor Load
[2017.08.07-02.47.01:045][  0]LocalizationService: Info Localization service is disabled
[2017.08.07-02.47.04:542][  0]LogConsoleResponse:Display: 
[2017.08.07-02.47.06:531][  0]LogCook:Display: Max memory allowance for cook 16384mb min free memory 0mb
[2017.08.07-02.47.06:532][  0]LogCook:Display: Mobile HDR setting 1
[2017.08.07-02.47.07:412][  0]LogFileCache: Scanning file cache for directory 'C:/Users/Owen Kimbrell/Documents/GitHub/epicgamesstuff/GANGSHITv1/Content/' took 0.02s
[2017.08.07-02.47.10:304][  0]SourceControl: Info Source control is disabled
[2017.08.07-02.47.10:304][  0]Cmd: MAP LOAD FILE="../../../../../../Users/Owen Kimbrell/Documents/GitHub/epicgamesstuff/GANGSHITv1/Content/FirstPersonBP/Maps/FirstPersonExampleMap.umap" TEMPLATE=0 SHOWPROGRESS=1 FEATURELEVEL=3
[2017.08.07-02.47.10:304][  0]LightingResults: New page: Lighting Build
[2017.08.07-02.47.10:363][  0]MapCheck: New page: Map Check
[2017.08.07-02.47.10:363][  0]LightingResults: New page: Lighting Build
[2017.08.07-02.47.11:354][  0]LogTexture:Display: Building textures: HQ_Lightmap0_1 (AutoDXT, 2048X2048)
[2017.08.07-02.47.12:875][  0]LogTexture:Display: Building textures: HQ_Lightmap0_2 (AutoDXT, 2048X2048)
[2017.08.07-02.47.14:098][  0]LogTexture:Display: Building textures: HQ_Lightmap0_3 (AutoDXT, 2048X2048)
[2017.08.07-02.47.16:521][  0]LogTexture:Display: Building textures: HQ_Lightmap0_4 (AutoDXT, 2048X2048)
[2017.08.07-02.47.17:301][  0]LogTexture:Display: Building textures: HQ_Lightmap0_5 (AutoDXT, 64X64)
[2017.08.07-02.47.17:349][  0]LogTexture:Display: Building textures: LQ_Lightmap_0_1 (DXT1, 2048X2048)
[2017.08.07-02.47.17:716][  0]LogTexture:Display: Building textures: LQ_Lightmap_0_2 (DXT1, 2048X2048)
[2017.08.07-02.47.18:180][  0]LogTexture:Display: Building textures: LQ_Lightmap_0_3 (DXT1, 2048X2048)
[2017.08.07-02.47.18:888][  0]LogTexture:Display: Building textures: LQ_Lightmap_0_4 (DXT1, 2048X2048)
[2017.08.07-02.47.19:196][  0]LogTexture:Display: Building textures: LQ_Lightmap_0_5 (DXT1, 64X64)
[2017.08.07-02.47.19:229][  0]LogTexture:Display: Building textures: SkyOcclusion0_1 (AutoDXT, 2048X1024)
[2017.08.07-02.47.19:764][  0]LogTexture:Display: Building textures: SkyOcclusion0_2 (AutoDXT, 2048X1024)
[2017.08.07-02.47.20:267][  0]LogTexture:Display: Building textures: SkyOcclusion0_3 (AutoDXT, 2048X1024)
[2017.08.07-02.47.21:111][  0]LogTexture:Display: Building textures: SkyOcclusion0_4 (AutoDXT, 2048X1024)
[2017.08.07-02.47.21:509][  0]LogTexture:Display: Building textures: SkyOcclusion0_5 (AutoDXT, 64X32)
[2017.08.07-02.47.21:922][  0]LogAIModule: Creating AISystem for world FirstPersonExampleMap
[2017.08.07-02.47.22:076][  0]LogEditorServer: Finished looking for orphan Actors (0.000 secs)
[2017.08.07-02.47.22:105][  0]Cmd: MAP CHECKDEP NOCLEARLOG
[2017.08.07-02.47.22:180][  0]MapCheck: Info Map check complete: 0 Error(s), 0 Warning(s), took 74.073ms to complete.
[2017.08.07-02.47.22:180][  0]LogFileHelpers: Loading map 'FirstPersonExampleMap' took 11.876
[2017.08.07-02.47.23:549][  0]LogCollectionManager: Loaded 0 collections in 0.001935 seconds
[2017.08.07-02.47.23:702][  0]LogFileCache: Scanning file cache for directory 'C:/Users/Owen Kimbrell/Documents/GitHub/epicgamesstuff/GANGSHITv1/Saved/Collections/' took 0.01s
[2017.08.07-02.47.23:702][  0]LogFileCache: Scanning file cache for directory 'C:/Users/Owen Kimbrell/Documents/GitHub/epicgamesstuff/GANGSHITv1/Content/Developers/OwenKimbrell/Collections/' took 0.01s
[2017.08.07-02.47.23:702][  0]LogFileCache: Scanning file cache for directory 'C:/Users/Owen Kimbrell/Documents/GitHub/epicgamesstuff/GANGSHITv1/Content/Collections/' took 0.01s
[2017.08.07-02.47.23:702][  0]LogCollectionManager: Rebuilt the GUID cache for 0 collections in 0.000002 seconds
[2017.08.07-02.47.23:716][  0]LogContentBrowser: Native class hierarchy populated in 0.0127 seconds. Added 2330 classes and 493 folders.
[2017.08.07-02.47.23:887][  0]LogContentBrowser: Native class hierarchy updated for 'WidgetCarousel' in 0.0006 seconds. Added 0 classes and 0 folders.
[2017.08.07-02.47.26:150][  0]LogContentBrowser: Native class hierarchy updated for 'AddContentDialog' in 0.0007 seconds. Added 0 classes and 0 folders.
[2017.08.07-02.47.26:267][  0]LogCrashTracker: Crashtracker disabled due to settings.
[2017.08.07-02.47.26:448][  0]LogSlate: Took 0.032450 seconds to synchronously load lazily loaded font '../../../Engine/Content/Slate/Fonts/Roboto-Regular.ttf' (155K)
[2017.08.07-02.47.26:486][  0]LogSlate: Took 0.036278 seconds to synchronously load lazily loaded font '../../../Engine/Content/Slate/Fonts/Roboto-Bold.ttf' (160K)
[2017.08.07-02.47.26:517][  0]LogSlate: Took 0.023877 seconds to synchronously load lazily loaded font '../../../Engine/Content/Editor/Slate/Fonts/FontAwesome.ttf' (139K)
[2017.08.07-02.47.26:876][  0]LogRenderer: Reallocating scene render targets to support 836x424 NumSamples 1 (Frame:1).
[2017.08.07-02.47.27:738][  0]LogUObjectGlobals:Warning: Failed to find object 'Class None.'
[2017.08.07-02.47.27:995][  0]LogContentBrowser: Native class hierarchy updated for 'HierarchicalLODOutliner' in 0.0007 seconds. Added 1 classes and 2 folders.
[2017.08.07-02.47.27:995][  0]LogLoad: (Engine Initialization) Total time: 132.01 seconds
[2017.08.07-02.47.27:995][  0]LogLoad: (Engine Initialization) Total Blueprint compile time: 0.40 seconds
[2017.08.07-02.47.27:995][  0]LogExternalProfiler: No external profilers were discovered.  External profiling features will not be available.
[2017.08.07-02.47.28:366][  0]LogOcInput: OculusInput pre-init called
[2017.08.07-02.47.28:366][  0]LogHMD: Starting GearVRController plugin
[2017.08.07-02.47.28:384][  0]LogContentStreaming: Texture pool size now 1000 MB
[2017.08.07-02.47.28:531][  0]LogSlate: Took 0.032215 seconds to synchronously load lazily loaded font '../../../Engine/Content/Slate/Fonts/Roboto-Light.ttf' (159K)
[2017.08.07-02.47.28:709][  1]LogAssetRegistry: Asset discovery search completed in 101.6060 seconds
[2017.08.07-02.47.28:727][  1]LogCollectionManager: Rebuilt the object cache for 0 collections in 0.000000 seconds (found 0 objects)
[2017.08.07-02.47.28:727][  1]LogCollectionManager: Fixed up redirectors for 0 collections in 0.013071 seconds (updated 0 objects)
[2017.08.07-02.49.06:818][464]LogEditorViewport: Clicking on Actor (LMB): StaticMeshActor (Cube)
[2017.08.07-02.49.31:138][ 43]LogSlate: Took 0.000217 seconds to synchronously load lazily loaded font '../../../Engine/Content/Slate/Fonts/Roboto-Light.ttf' (159K)
[2017.08.07-02.49.31:478][ 43]LogSavePackage: Save=196.61ms
[2017.08.07-02.49.31:478][ 43]LogSavePackage: Moving '../../../../../../Users/Owen Kimbrell/Documents/GitHub/epicgamesstuff/GANGSHITv1/Saved/FirstPersonExampleMap11DCCD2E465EE4D760D38D8F9A370EBB.tmp' to '../../../../../../Users/Owen Kimbrell/Documents/GitHub/epicgamesstuff/GANGSHITv1/Content/FirstPersonBP/Maps/FirstPersonExampleMap.umap'
[2017.08.07-02.49.31:487][ 43]LogSavePackage:Display: Finished SavePackage ../../../../../../Users/Owen Kimbrell/Documents/GitHub/epicgamesstuff/GANGSHITv1/Content/FirstPersonBP/Maps/FirstPersonExampleMap.umap
[2017.08.07-02.49.31:557][ 43]LogFileHelpers: Saving map 'FirstPersonExampleMap' took 0.390
